Inspection path planner version 1.0.0
Scenario:
Number of facets:	5000
Number of obstacles:	0
Space center:		(0, 0, 6)
Space size:		(12, 12, 12)
Starting point:		(6, 0, 0)
Angle of incidence:	0.523599rad
Range:			(1.5, 5)m
Number of iterations:	40
Linear speed:		0.25m/s
Yaw rate:		0.5rad/s
Field of view [h,v]:	[2.00102, 1.72662]rad
Camera pitch:		0rad


====================================
====== Starting Iteration   0 ======
====================================

====================================
====== Starting Iteration   1 ======
====================================

====================================
====== Starting Iteration   2 ======
====================================

====================================
====== Starting Iteration   3 ======
====================================

====================================
====== Starting Iteration   4 ======
====================================

====================================
====== Starting Iteration   5 ======
====================================

====================================
====== Starting Iteration   6 ======
====================================

====================================
====== Starting Iteration   7 ======
====================================

====================================
====== Starting Iteration   8 ======
====================================

====================================
====== Starting Iteration   9 ======
====================================

====================================
====== Starting Iteration  10 ======
====================================

====================================
====== Starting Iteration  11 ======
====================================

====================================
====== Starting Iteration  12 ======
====================================

====================================
====== Starting Iteration  13 ======
====================================

====================================
====== Starting Iteration  14 ======
====================================

====================================
====== Starting Iteration  15 ======
====================================

====================================
====== Starting Iteration  16 ======
====================================

====================================
====== Starting Iteration  17 ======
====================================

====================================
====== Starting Iteration  18 ======
====================================

====================================
====== Starting Iteration  19 ======
====================================

====================================
====== Starting Iteration  20 ======
====================================

====================================
====== Starting Iteration  21 ======
====================================

====================================
====== Starting Iteration  22 ======
====================================

====================================
====== Starting Iteration  23 ======
====================================

====================================
====== Starting Iteration  24 ======
====================================

====================================
====== Starting Iteration  25 ======
====================================

====================================
====== Starting Iteration  26 ======
====================================

====================================
====== Starting Iteration  27 ======
====================================

====================================
====== Starting Iteration  28 ======
====================================

====================================
====== Starting Iteration  29 ======
====================================

====================================
====== Starting Iteration  30 ======
====================================

====================================
====== Starting Iteration  31 ======
====================================

====================================
====== Starting Iteration  32 ======
====================================

====================================
====== Starting Iteration  33 ======
====================================

====================================
====== Starting Iteration  34 ======
====================================

====================================
====== Starting Iteration  35 ======
====================================

====================================
====== Starting Iteration  36 ======
====================================

====================================
====== Starting Iteration  37 ======
====================================

====================================
====== Starting Iteration  38 ======
====================================

====================================
====== Starting Iteration  39 ======
====================================
